c:\users\dennis\documents\work\comp4995\examples\directxbasics\debug\vc100.pdb
c:\users\codyc\c++ workspace\directxbasics\debug\vc141.pdb
c:\users\codyc\c++ workspace\directxbasics\debug\vc141.idb
c:\users\codyc\c++ workspace\directxbasics\debug\main.obj
c:\users\codyc\c++ workspace\directxbasics\debug\newmain.obj
c:\users\codyc\c++ workspace\directxbasics\debug\windowbox.obj
c:\users\codyc\c++ workspace\directxbasics\debug\game.obj
c:\users\codyc\c++ workspace\directxbasics\debug\graphics.obj
c:\users\codyc\c++ workspace\directxbasics\debug\oldmain.obj
c:\users\codyc\c++ workspace\directxbasics\debug\font.obj
c:\users\codyc\c++ workspace\directxbasics\debug\sprite.obj
c:\users\codyc\c++ workspace\directxbasics\debug\entity.obj
c:\users\codyc\c++ workspace\directxbasics\debug\directxbasics.exe
c:\users\codyc\c++ workspace\directxbasics\debug\directxbasics.ilk
c:\users\codyc\c++ workspace\directxbasics\debug\directxbasics.pdb
c:\users\codyc\c++ workspace\directxbasics\debug\cl.command.1.tlog
c:\users\codyc\c++ workspace\directxbasics\debug\cl.read.1.tlog
c:\users\codyc\c++ workspace\directxbasics\debug\cl.write.1.tlog
c:\users\codyc\c++ workspace\directxbasics\debug\vc100.idb
c:\users\codyc\c++ workspace\directxbasics\debug\vc100.pdb
c:\users\codyc\c++ workspace\directxbasics\.\debug\directxbasics.exe
c:\users\codyc\c++ workspace\directxbasics\debug\directxbasics.tlog\cl.command.1.tlog
c:\users\codyc\c++ workspace\directxbasics\debug\directxbasics.tlog\cl.read.1.tlog
c:\users\codyc\c++ workspace\directxbasics\debug\directxbasics.tlog\cl.write.1.tlog
c:\users\codyc\c++ workspace\directxbasics\debug\directxbasics.tlog\link.command.1.tlog
c:\users\codyc\c++ workspace\directxbasics\debug\directxbasics.tlog\link.read.1.tlog
c:\users\codyc\c++ workspace\directxbasics\debug\directxbasics.tlog\link.write.1.tlog
